生成启动时间为 2016/7/27 16:20:49。
     1>项目“F:\project\vs\communication\communication\communication.vcxproj”在节点 2 上(Build 个目标)。
     1>C:\Program Files (x86)\MSBuild\Microsoft.Cpp\v4.0\V110\Microsoft.CppBuild.targets(1137,5): warning MSB8012: TargetPath(F:\project\vs\communication\Debug\communication.exe) does not match the Linker's OutputFile property value (F:\project\vs\communication\communication\Debug\(ProjectName).mexw64). This may cause your project to build incorrectly. To correct this, please make sure that $(OutDir), $(TargetName) and $(TargetExt) property values match the value specified in %(Link.OutputFile).
     1>C:\Program Files (x86)\MSBuild\Microsoft.Cpp\v4.0\V110\Microsoft.CppBuild.targets(1138,5): warning MSB8012: TargetExt(.exe) does not match the Linker's OutputFile property value (.mexw64). This may cause your project to build incorrectly. To correct this, please make sure that $(OutDir), $(TargetName) and $(TargetExt) property values match the value specified in %(Link.OutputFile).
     1>C:\Program Files (x86)\MSBuild\Microsoft.Cpp\v4.0\V110\Microsoft.CppBuild.targets(1139,5): warning MSB8012: TargetName(communication) does not match the Linker's OutputFile property value ((ProjectName)). This may cause your project to build incorrectly. To correct this, please make sure that $(OutDir), $(TargetName) and $(TargetExt) property values match the value specified in %(Link.OutputFile).
     1>Link:
         D:\Program Files (x86)\Microsoft Visual Studio 11.0\VC\bin\link.exe /ERRORREPORT:PROMPT /OUT:".\Debug\(ProjectName).mexw64" /INCREMENTAL /NOLOGO libmx.lib libeng.lib libmat.lib libmex.lib kernel32.lib user32.lib gdi32.lib winspool.lib comdlg32.lib advapi32.lib shell32.lib ole32.lib oleaut32.lib uuid.lib odbc32.lib odbccp32.lib /DEF:"Test.def" /MANIFEST /MANIFESTUAC:"level='asInvoker' uiAccess='false'" /manifest:embed /DEBUG /PDB:"F:\project\vs\communication\Debug\communication.pdb" /SUBSYSTEM:CONSOLE /TLBID:1 /DYNAMICBASE /NXCOMPAT /IMPLIB:"F:\project\vs\communication\Debug\communication.lib" /MACHINE:X86 Debug\sendData.obj
            正在创建库 F:\project\vs\communication\Debug\communication.lib 和对象 F:\project\vs\communication\Debug\communication.exp
     1>sendData.obj : error LNK2019: 无法解析的外部符号 _mxIsNumeric，该符号在函数 _mexFunction 中被引用
     1>sendData.obj : error LNK2019: 无法解析的外部符号 _mxIsComplex，该符号在函数 _mexFunction 中被引用
     1>sendData.obj : error LNK2019: 无法解析的外部符号 _mxGetNumberOfElements，该符号在函数 _mexFunction 中被引用
     1>sendData.obj : error LNK2019: 无法解析的外部符号 _mxGetPr，该符号在函数 _mexFunction 中被引用
     1>sendData.obj : error LNK2019: 无法解析的外部符号 _mxCreateDoubleMatrix_730，该符号在函数 _mexFunction 中被引用
     1>sendData.obj : error LNK2019: 无法解析的外部符号 _mexErrMsgTxt，该符号在函数 _mexFunction 中被引用
     1>sendData.obj : error LNK2019: 无法解析的外部符号 _mexPrintf，该符号在函数 "void __cdecl sendData(int,int,float,wchar_t)" (?sendData@@YAXHHM_W@Z) 中被引用
     1>MSVCRTD.lib(crtexe.obj) : error LNK2019: 无法解析的外部符号 _main，该符号在函数 ___tmainCRTStartup 中被引用
     1>.\Debug\(ProjectName).mexw64 : fatal error LNK1120: 8 个无法解析的外部命令
     1>已完成生成项目“F:\project\vs\communication\communication\communication.vcxproj”(Build 个目标)的操作 - 失败。

生成失败。

已用时间 00:00:00.34
